<?xml version="1.0" encoding="UTF-8"?>
<!-- Generated by org.testng.reporters.JUnitReportReporter -->
<testsuite hostname="LAPTOP-T7SHFG38" failures="0" tests="8" name="com.qa.saucedemo.TestCases.LoginTestCase" time="16.531" errors="0" timestamp="2024-06-24T17:10:09 IST" skipped="0">
  <testcase classname="com.qa.saucedemo.TestCases.LoginTestCase" name="loginTest" time="2.288"/>
  <testcase classname="com.qa.saucedemo.TestCases.LoginTestCase" name="loginLogoImage" time="1.794"/>
  <testcase classname="com.qa.saucedemo.TestCases.LoginTestCase" name="verifyLoginFunctionality" time="1.863"/>
  <testcase classname="com.qa.saucedemo.TestCases.LoginTestCase" name="verifyLoginFunctionality" time="2.351"/>
  <testcase classname="com.qa.saucedemo.TestCases.LoginTestCase" name="loginPageTitle" time="1.838"/>
  <testcase classname="com.qa.saucedemo.TestCases.LoginTestCase" name="verifyLoginFunctionality" time="2.091"/>
  <testcase classname="com.qa.saucedemo.TestCases.LoginTestCase" name="verifyLoginFunctionality" time="2.073"/>
  <testcase classname="com.qa.saucedemo.TestCases.LoginTestCase" name="verifyLoginFunctionality" time="2.233"/>
</testsuite> <!-- com.qa.saucedemo.TestCases.LoginTestCase -->
