<?xml version="1.0" encoding="UTF-8"?>
<!-- Generated by org.testng.reporters.JUnitReportReporter -->
<testsuite hostname="LAPTOP-T7SHFG38" failures="0" tests="1" name="com.qa.saucedemo.TestCases.SauceDemo" time="5.010" errors="0" timestamp="2024-06-25T14:12:42 IST" skipped="0">
  <testcase classname="com.qa.saucedemo.TestCases.SauceDemo" name="Logout" time="5.010"/>
</testsuite> <!-- com.qa.saucedemo.TestCases.SauceDemo -->
